[0.841s] Invoking command in '/home/ramon/zune_ws/src/my_package': CONDA_PROMPT_MODIFIER=(ros) PYTHONPATH=/home/ramon/zune_ws/build/my_package/prefix_override:/usr/lib/python3/dist-packages/colcon_core/task/python/colcon_distutils_commands:/home/ramon/zune_ws/install/my_package/lib/python3.10/site-packages:${PYTHONPATH} /usr/bin/python3 -W ignore:setup.py install is deprecated setup.py egg_info --egg-base ../../build/my_package build --build-base /home/ramon/zune_ws/build/my_package/build install --record /home/ramon/zune_ws/build/my_package/install.log --single-version-externally-managed install_data
[1.095s] running egg_info
[1.095s] creating ../../build/my_package/my_package.egg-info
[1.096s] writing ../../build/my_package/my_package.egg-info/PKG-INFO
[1.096s] writing dependency_links to ../../build/my_package/my_package.egg-info/dependency_links.txt
[1.096s] writing entry points to ../../build/my_package/my_package.egg-info/entry_points.txt
[1.096s] writing requirements to ../../build/my_package/my_package.egg-info/requires.txt
[1.096s] writing top-level names to ../../build/my_package/my_package.egg-info/top_level.txt
[1.097s] writing manifest file '../../build/my_package/my_package.egg-info/SOURCES.txt'
[1.098s] reading manifest file '../../build/my_package/my_package.egg-info/SOURCES.txt'
[1.098s] adding license file 'LICENSE'
[1.098s] writing manifest file '../../build/my_package/my_package.egg-info/SOURCES.txt'
[1.098s] running build
[1.099s] running build_py
[1.099s] creating /home/ramon/zune_ws/build/my_package/build
[1.099s] creating /home/ramon/zune_ws/build/my_package/build/lib
[1.099s] creating /home/ramon/zune_ws/build/my_package/build/lib/my_package
[1.099s] copying my_package/my_node.py -> /home/ramon/zune_ws/build/my_package/build/lib/my_package
[1.099s] copying my_package/__init__.py -> /home/ramon/zune_ws/build/my_package/build/lib/my_package
[1.099s] running install
[1.100s] running install_lib
[1.100s] creating /home/ramon/zune_ws/install/my_package/lib/python3.10/site-packages/my_package
[1.100s] copying /home/ramon/zune_ws/build/my_package/build/lib/my_package/my_node.py -> /home/ramon/zune_ws/install/my_package/lib/python3.10/site-packages/my_package
[1.100s] copying /home/ramon/zune_ws/build/my_package/build/lib/my_package/__init__.py -> /home/ramon/zune_ws/install/my_package/lib/python3.10/site-packages/my_package
[1.101s] byte-compiling /home/ramon/zune_ws/install/my_package/lib/python3.10/site-packages/my_package/my_node.py to my_node.cpython-310.pyc
[1.101s] byte-compiling /home/ramon/zune_ws/install/my_package/lib/python3.10/site-packages/my_package/__init__.py to __init__.cpython-310.pyc
[1.101s] running install_data
[1.101s] creating /home/ramon/zune_ws/install/my_package/share/ament_index
[1.101s] creating /home/ramon/zune_ws/install/my_package/share/ament_index/resource_index
[1.101s] creating /home/ramon/zune_ws/install/my_package/share/ament_index/resource_index/packages
[1.101s] copying resource/my_package -> /home/ramon/zune_ws/install/my_package/share/ament_index/resource_index/packages
[1.101s] copying package.xml -> /home/ramon/zune_ws/install/my_package/share/my_package
[1.102s] running install_egg_info
[1.102s] Copying ../../build/my_package/my_package.egg-info to /home/ramon/zune_ws/install/my_package/lib/python3.10/site-packages/my_package-0.0.0-py3.10.egg-info
[1.103s] running install_scripts
[1.124s] Installing my_node script to /home/ramon/zune_ws/install/my_package/lib/my_package
[1.124s] writing list of installed files to '/home/ramon/zune_ws/build/my_package/install.log'
[1.157s] Invoked command in '/home/ramon/zune_ws/src/my_package' returned '0': CONDA_PROMPT_MODIFIER=(ros) PYTHONPATH=/home/ramon/zune_ws/build/my_package/prefix_override:/usr/lib/python3/dist-packages/colcon_core/task/python/colcon_distutils_commands:/home/ramon/zune_ws/install/my_package/lib/python3.10/site-packages:${PYTHONPATH} /usr/bin/python3 -W ignore:setup.py install is deprecated setup.py egg_info --egg-base ../../build/my_package build --build-base /home/ramon/zune_ws/build/my_package/build install --record /home/ramon/zune_ws/build/my_package/install.log --single-version-externally-managed install_data
