[0.841s] Invoking command in '/home/ramon/zune_ws/src/zune': CONDA_PROMPT_MODIFIER=(ros) PYTHONPATH=/home/ramon/zune_ws/build/zune/prefix_override:/usr/lib/python3/dist-packages/colcon_core/task/python/colcon_distutils_commands:/home/ramon/zune_ws/install/zune/lib/python3.10/site-packages:${PYTHONPATH} /usr/bin/python3 -W ignore:setup.py install is deprecated setup.py egg_info --egg-base ../../build/zune build --build-base /home/ramon/zune_ws/build/zune/build install --record /home/ramon/zune_ws/build/zune/install.log --single-version-externally-managed install_data
[1.089s] running egg_info
[1.089s] writing ../../build/zune/zune.egg-info/PKG-INFO
[1.089s] writing dependency_links to ../../build/zune/zune.egg-info/dependency_links.txt
[1.090s] writing entry points to ../../build/zune/zune.egg-info/entry_points.txt
[1.090s] writing requirements to ../../build/zune/zune.egg-info/requires.txt
[1.090s] writing top-level names to ../../build/zune/zune.egg-info/top_level.txt
[1.092s] reading manifest file '../../build/zune/zune.egg-info/SOURCES.txt'
[1.093s] adding license file 'LICENSE'
[1.093s] writing manifest file '../../build/zune/zune.egg-info/SOURCES.txt'
[1.093s] running build
[1.093s] running build_py
[1.094s] running install
[1.094s] running install_lib
[1.095s] running install_data
[1.095s] running install_egg_info
[1.097s] removing '/home/ramon/zune_ws/install/zune/lib/python3.10/site-packages/zune-0.0.0-py3.10.egg-info' (and everything under it)
[1.097s] Copying ../../build/zune/zune.egg-info to /home/ramon/zune_ws/install/zune/lib/python3.10/site-packages/zune-0.0.0-py3.10.egg-info
[1.098s] running install_scripts
[1.120s] writing list of installed files to '/home/ramon/zune_ws/build/zune/install.log'
[1.163s] Invoked command in '/home/ramon/zune_ws/src/zune' returned '0': CONDA_PROMPT_MODIFIER=(ros) PYTHONPATH=/home/ramon/zune_ws/build/zune/prefix_override:/usr/lib/python3/dist-packages/colcon_core/task/python/colcon_distutils_commands:/home/ramon/zune_ws/install/zune/lib/python3.10/site-packages:${PYTHONPATH} /usr/bin/python3 -W ignore:setup.py install is deprecated setup.py egg_info --egg-base ../../build/zune build --build-base /home/ramon/zune_ws/build/zune/build install --record /home/ramon/zune_ws/build/zune/install.log --single-version-externally-managed install_data
