[0.107s] DEBUG:colcon:Command line arguments: ['/usr/bin/colcon', 'build', '--packages-select', 'zune']
[0.107s] DEBUG:colcon:Parsed command line arguments: Namespace(log_base=None, log_level=None, verb_name='build', build_base='build', install_base='install', merge_install=False, symlink_install=False, test_result_base=None, continue_on_error=False, executor='parallel', parallel_workers=8, event_handlers=None, ignore_user_meta=False, metas=['./colcon.meta'], base_paths=['.'], packages_ignore=None, packages_ignore_regex=None, paths=None, packages_up_to=None, packages_up_to_regex=None, packages_above=None, packages_above_and_dependencies=None, packages_above_depth=None, packages_select_by_dep=None, packages_skip_by_dep=None, packages_skip_up_to=None, packages_select_build_failed=False, packages_skip_build_finished=False, packages_select_test_failures=False, packages_skip_test_passed=False, packages_select=['zune'], packages_skip=None, packages_select_regex=None, packages_skip_regex=None, packages_start=None, packages_end=None, allow_overriding=[], cmake_args=None, cmake_target=None, cmake_target_skip_unavailable=False, cmake_clean_cache=False, cmake_clean_first=False, cmake_force_configure=False, ament_cmake_args=None, catkin_cmake_args=None, catkin_skip_building_tests=False, mixin_files=None, mixin=None, verb_parser=<colcon_mixin.mixin.mixin_argument.MixinArgumentDecorator object at 0x7d1ae56ea320>, verb_extension=<colcon_core.verb.build.BuildVerb object at 0x7d1ae56e9cf0>, main=<bound method BuildVerb.main of <colcon_core.verb.build.BuildVerb object at 0x7d1ae56e9cf0>>, mixin_verb=('build',))
[0.263s] Level 1:colcon.colcon_core.package_discovery:discover_packages(colcon_meta) check parameters
[0.263s] Level 1:colcon.colcon_core.package_discovery:discover_packages(recursive) check parameters
[0.263s] Level 1:colcon.colcon_core.package_discovery:discover_packages(ignore) check parameters
[0.263s] Level 1:colcon.colcon_core.package_discovery:discover_packages(path) check parameters
[0.263s] Level 1:colcon.colcon_core.package_discovery:discover_packages(colcon_meta) discover
[0.263s] Level 1:colcon.colcon_core.package_discovery:discover_packages(recursive) discover
[0.263s] INFO:colcon.colcon_core.package_discovery:Crawling recursively for packages in '/home/ramon/zune_ws'
[0.263s] Level 1:colcon.colcon_core.package_identification:_identify(.) by extensions ['ignore', 'ignore_ament_install']
[0.263s] Level 1:colcon.colcon_core.package_identification:_identify(.) by extension 'ignore'
[0.264s] Level 1:colcon.colcon_core.package_identification:_identify(.) by extension 'ignore_ament_install'
[0.264s] Level 1:colcon.colcon_core.package_identification:_identify(.) by extensions ['colcon_pkg']
[0.264s] Level 1:colcon.colcon_core.package_identification:_identify(.) by extension 'colcon_pkg'
[0.264s] Level 1:colcon.colcon_core.package_identification:_identify(.) by extensions ['colcon_meta']
[0.264s] Level 1:colcon.colcon_core.package_identification:_identify(.) by extension 'colcon_meta'
[0.264s] Level 1:colcon.colcon_core.package_identification:_identify(.) by extensions ['ros']
[0.264s] Level 1:colcon.colcon_core.package_identification:_identify(.) by extension 'ros'
[0.274s] Level 1:colcon.colcon_core.package_identification:_identify(.) by extensions ['cmake', 'python']
[0.275s] Level 1:colcon.colcon_core.package_identification:_identify(.) by extension 'cmake'
[0.275s] Level 1:colcon.colcon_core.package_identification:_identify(.) by extension 'python'
[0.275s] Level 1:colcon.colcon_core.package_identification:_identify(.) by extensions ['python_setup_py']
[0.275s] Level 1:colcon.colcon_core.package_identification:_identify(.) by extension 'python_setup_py'
[0.275s] Level 1:colcon.colcon_core.package_identification:_identify(build) by extensions ['ignore', 'ignore_ament_install']
[0.275s] Level 1:colcon.colcon_core.package_identification:_identify(build) by extension 'ignore'
[0.275s] Level 1:colcon.colcon_core.package_identification:_identify(build) ignored
[0.275s] Level 1:colcon.colcon_core.package_identification:_identify(install) by extensions ['ignore', 'ignore_ament_install']
[0.275s] Level 1:colcon.colcon_core.package_identification:_identify(install) by extension 'ignore'
[0.275s] Level 1:colcon.colcon_core.package_identification:_identify(install) ignored
[0.275s] Level 1:colcon.colcon_core.package_identification:_identify(log) by extensions ['ignore', 'ignore_ament_install']
[0.276s] Level 1:colcon.colcon_core.package_identification:_identify(log) by extension 'ignore'
[0.276s] Level 1:colcon.colcon_core.package_identification:_identify(log) ignored
[0.276s] Level 1:colcon.colcon_core.package_identification:_identify(src) by extensions ['ignore', 'ignore_ament_install']
[0.276s] Level 1:colcon.colcon_core.package_identification:_identify(src) by extension 'ignore'
[0.276s] Level 1:colcon.colcon_core.package_identification:_identify(src) by extension 'ignore_ament_install'
[0.276s] Level 1:colcon.colcon_core.package_identification:_identify(src) by extensions ['colcon_pkg']
[0.276s] Level 1:colcon.colcon_core.package_identification:_identify(src) by extension 'colcon_pkg'
[0.276s] Level 1:colcon.colcon_core.package_identification:_identify(src) by extensions ['colcon_meta']
[0.276s] Level 1:colcon.colcon_core.package_identification:_identify(src) by extension 'colcon_meta'
[0.276s] Level 1:colcon.colcon_core.package_identification:_identify(src) by extensions ['ros']
[0.276s] Level 1:colcon.colcon_core.package_identification:_identify(src) by extension 'ros'
[0.276s] Level 1:colcon.colcon_core.package_identification:_identify(src) by extensions ['cmake', 'python']
[0.276s] Level 1:colcon.colcon_core.package_identification:_identify(src) by extension 'cmake'
[0.276s] Level 1:colcon.colcon_core.package_identification:_identify(src) by extension 'python'
[0.276s] Level 1:colcon.colcon_core.package_identification:_identify(src) by extensions ['python_setup_py']
[0.276s] Level 1:colcon.colcon_core.package_identification:_identify(src) by extension 'python_setup_py'
[0.276s] Level 1:colcon.colcon_core.package_identification:_identify(src/zune) by extensions ['ignore', 'ignore_ament_install']
[0.276s] Level 1:colcon.colcon_core.package_identification:_identify(src/zune) by extension 'ignore'
[0.277s] Level 1:colcon.colcon_core.package_identification:_identify(src/zune) by extension 'ignore_ament_install'
[0.277s] Level 1:colcon.colcon_core.package_identification:_identify(src/zune) by extensions ['colcon_pkg']
[0.277s] Level 1:colcon.colcon_core.package_identification:_identify(src/zune) by extension 'colcon_pkg'
[0.277s] Level 1:colcon.colcon_core.package_identification:_identify(src/zune) by extensions ['colcon_meta']
[0.277s] Level 1:colcon.colcon_core.package_identification:_identify(src/zune) by extension 'colcon_meta'
[0.277s] Level 1:colcon.colcon_core.package_identification:_identify(src/zune) by extensions ['ros']
[0.277s] Level 1:colcon.colcon_core.package_identification:_identify(src/zune) by extension 'ros'
[0.279s] DEBUG:colcon.colcon_core.package_identification:Package 'src/zune' with type 'ros.ament_python' and name 'zune'
[0.279s] Level 1:colcon.colcon_core.package_discovery:discover_packages(recursive) using defaults
[0.279s] Level 1:colcon.colcon_core.package_discovery:discover_packages(ignore) discover
[0.279s] Level 1:colcon.colcon_core.package_discovery:discover_packages(ignore) using defaults
[0.279s] Level 1:colcon.colcon_core.package_discovery:discover_packages(path) discover
[0.279s] Level 1:colcon.colcon_core.package_discovery:discover_packages(path) using defaults
[0.297s] Level 1:colcon.colcon_core.package_discovery:discover_packages(prefix_path) check parameters
[0.297s] Level 1:colcon.colcon_core.package_discovery:discover_packages(prefix_path) discover
[0.299s] DEBUG:colcon.colcon_installed_package_information.package_discovery:Found 293 installed packages in /opt/ros/humble
[0.311s] Level 1:colcon.colcon_core.package_discovery:discover_packages(prefix_path) using defaults
[0.350s] Level 5:colcon.colcon_core.verb:set package 'zune' build argument 'cmake_args' from command line to 'None'
[0.351s] Level 5:colcon.colcon_core.verb:set package 'zune' build argument 'cmake_target' from command line to 'None'
[0.351s] Level 5:colcon.colcon_core.verb:set package 'zune' build argument 'cmake_target_skip_unavailable' from command line to 'False'
[0.351s] Level 5:colcon.colcon_core.verb:set package 'zune' build argument 'cmake_clean_cache' from command line to 'False'
[0.351s] Level 5:colcon.colcon_core.verb:set package 'zune' build argument 'cmake_clean_first' from command line to 'False'
[0.351s] Level 5:colcon.colcon_core.verb:set package 'zune' build argument 'cmake_force_configure' from command line to 'False'
[0.351s] Level 5:colcon.colcon_core.verb:set package 'zune' build argument 'ament_cmake_args' from command line to 'None'
[0.351s] Level 5:colcon.colcon_core.verb:set package 'zune' build argument 'catkin_cmake_args' from command line to 'None'
[0.351s] Level 5:colcon.colcon_core.verb:set package 'zune' build argument 'catkin_skip_building_tests' from command line to 'False'
[0.351s] DEBUG:colcon.colcon_core.verb:Building package 'zune' with the following arguments: {'ament_cmake_args': None, 'build_base': '/home/ramon/zune_ws/build/zune', 'catkin_cmake_args': None, 'catkin_skip_building_tests': False, 'cmake_args': None, 'cmake_clean_cache': False, 'cmake_clean_first': False, 'cmake_force_configure': False, 'cmake_target': None, 'cmake_target_skip_unavailable': False, 'install_base': '/home/ramon/zune_ws/install/zune', 'merge_install': False, 'path': '/home/ramon/zune_ws/src/zune', 'symlink_install': False, 'test_result_base': None}
[0.351s] INFO:colcon.colcon_core.executor:Executing jobs using 'parallel' executor
[0.352s] DEBUG:colcon.colcon_parallel_executor.executor.parallel:run_until_complete
[0.352s] INFO:colcon.colcon_ros.task.ament_python.build:Building ROS package in '/home/ramon/zune_ws/src/zune' with build type 'ament_python'
[0.353s] Level 1:colcon.colcon_core.shell:create_environment_hook('zune', 'ament_prefix_path')
[0.355s] INFO:colcon.colcon_core.plugin_system:Skipping extension 'colcon_core.shell.bat': Not used on non-Windows systems
[0.355s] INFO:colcon.colcon_core.shell:Creating environment hook '/home/ramon/zune_ws/install/zune/share/zune/hook/ament_prefix_path.ps1'
[0.355s] INFO:colcon.colcon_core.shell:Creating environment descriptor '/home/ramon/zune_ws/install/zune/share/zune/hook/ament_prefix_path.dsv'
[0.356s] INFO:colcon.colcon_core.shell:Creating environment hook '/home/ramon/zune_ws/install/zune/share/zune/hook/ament_prefix_path.sh'
[0.357s] INFO:colcon.colcon_core.shell:Skip shell extension 'powershell' for command environment: Not usable outside of PowerShell
[0.357s] DEBUG:colcon.colcon_core.shell:Skip shell extension 'dsv' for command environment
[0.600s] INFO:colcon.colcon_core.task.python.build:Building Python package in '/home/ramon/zune_ws/src/zune'
[0.600s] INFO:colcon.colcon_core.shell:Skip shell extension 'powershell' for command environment: Not usable outside of PowerShell
[0.600s] DEBUG:colcon.colcon_core.shell:Skip shell extension 'dsv' for command environment
[0.918s] DEBUG:colcon.colcon_core.event_handler.log_command:Invoking command in '/home/ramon/zune_ws/src/zune': CONDA_PROMPT_MODIFIER=(ros) PYTHONPATH=/home/ramon/zune_ws/build/zune/prefix_override:/usr/lib/python3/dist-packages/colcon_core/task/python/colcon_distutils_commands:/home/ramon/zune_ws/install/zune/lib/python3.10/site-packages:${PYTHONPATH} /usr/bin/python3 -W ignore:setup.py install is deprecated setup.py egg_info --egg-base ../../build/zune build --build-base /home/ramon/zune_ws/build/zune/build install --record /home/ramon/zune_ws/build/zune/install.log --single-version-externally-managed install_data
[1.198s] DEBUG:colcon.colcon_core.event_handler.log_command:Invoked command in '/home/ramon/zune_ws/src/zune' returned '0': CONDA_PROMPT_MODIFIER=(ros) PYTHONPATH=/home/ramon/zune_ws/build/zune/prefix_override:/usr/lib/python3/dist-packages/colcon_core/task/python/colcon_distutils_commands:/home/ramon/zune_ws/install/zune/lib/python3.10/site-packages:${PYTHONPATH} /usr/bin/python3 -W ignore:setup.py install is deprecated setup.py egg_info --egg-base ../../build/zune build --build-base /home/ramon/zune_ws/build/zune/build install --record /home/ramon/zune_ws/build/zune/install.log --single-version-externally-managed install_data
[1.200s] Level 1:colcon.colcon_core.environment:checking '/home/ramon/zune_ws/install/zune' for CMake module files
[1.200s] Level 1:colcon.colcon_core.environment:checking '/home/ramon/zune_ws/install/zune' for CMake config files
[1.201s] Level 1:colcon.colcon_core.environment:checking '/home/ramon/zune_ws/install/zune/lib'
[1.201s] Level 1:colcon.colcon_core.environment:checking '/home/ramon/zune_ws/install/zune/bin'
[1.201s] Level 1:colcon.colcon_core.environment:checking '/home/ramon/zune_ws/install/zune/lib/pkgconfig/zune.pc'
[1.201s] Level 1:colcon.colcon_core.environment:checking '/home/ramon/zune_ws/install/zune/lib/python3.10/site-packages'
[1.201s] Level 1:colcon.colcon_core.shell:create_environment_hook('zune', 'pythonpath')
[1.202s] INFO:colcon.colcon_core.shell:Creating environment hook '/home/ramon/zune_ws/install/zune/share/zune/hook/pythonpath.ps1'
[1.202s] INFO:colcon.colcon_core.shell:Creating environment descriptor '/home/ramon/zune_ws/install/zune/share/zune/hook/pythonpath.dsv'
[1.202s] INFO:colcon.colcon_core.shell:Creating environment hook '/home/ramon/zune_ws/install/zune/share/zune/hook/pythonpath.sh'
[1.203s] Level 1:colcon.colcon_core.environment:checking '/home/ramon/zune_ws/install/zune/bin'
[1.203s] Level 1:colcon.colcon_core.environment:create_environment_scripts_only(zune)
[1.203s] INFO:colcon.colcon_core.shell:Creating package script '/home/ramon/zune_ws/install/zune/share/zune/package.ps1'
[1.204s] INFO:colcon.colcon_core.shell:Creating package descriptor '/home/ramon/zune_ws/install/zune/share/zune/package.dsv'
[1.204s] INFO:colcon.colcon_core.shell:Creating package script '/home/ramon/zune_ws/install/zune/share/zune/package.sh'
[1.205s] INFO:colcon.colcon_core.shell:Creating package script '/home/ramon/zune_ws/install/zune/share/zune/package.bash'
[1.206s] INFO:colcon.colcon_core.shell:Creating package script '/home/ramon/zune_ws/install/zune/share/zune/package.zsh'
[1.206s] Level 1:colcon.colcon_core.environment:create_file_with_runtime_dependencies(/home/ramon/zune_ws/install/zune/share/colcon-core/packages/zune)
[1.207s] DEBUG:colcon.colcon_parallel_executor.executor.parallel:closing loop
[1.207s] DEBUG:colcon.colcon_parallel_executor.executor.parallel:loop closed
[1.207s] DEBUG:colcon.colcon_parallel_executor.executor.parallel:run_until_complete finished with '0'
[1.207s] DEBUG:colcon.colcon_core.event_reactor:joining thread
[1.212s] INFO:colcon.colcon_core.plugin_system:Skipping extension 'colcon_notification.desktop_notification.terminal_notifier': Not used on non-Darwin systems
[1.212s] INFO:colcon.colcon_core.plugin_system:Skipping extension 'colcon_notification.desktop_notification.win32': Not used on non-Windows systems
[1.212s] INFO:colcon.colcon_notification.desktop_notification:Sending desktop notification using 'notify2'
[1.224s] DEBUG:colcon.colcon_core.event_reactor:joined thread
[1.225s] INFO:colcon.colcon_core.shell:Creating prefix script '/home/ramon/zune_ws/install/local_setup.ps1'
[1.226s] INFO:colcon.colcon_core.shell:Creating prefix util module '/home/ramon/zune_ws/install/_local_setup_util_ps1.py'
[1.227s] INFO:colcon.colcon_core.shell:Creating prefix chain script '/home/ramon/zune_ws/install/setup.ps1'
[1.228s] INFO:colcon.colcon_core.shell:Creating prefix script '/home/ramon/zune_ws/install/local_setup.sh'
[1.228s] INFO:colcon.colcon_core.shell:Creating prefix util module '/home/ramon/zune_ws/install/_local_setup_util_sh.py'
[1.229s] INFO:colcon.colcon_core.shell:Creating prefix chain script '/home/ramon/zune_ws/install/setup.sh'
[1.230s] INFO:colcon.colcon_core.shell:Creating prefix script '/home/ramon/zune_ws/install/local_setup.bash'
[1.231s] INFO:colcon.colcon_core.shell:Creating prefix chain script '/home/ramon/zune_ws/install/setup.bash'
[1.232s] INFO:colcon.colcon_core.shell:Creating prefix script '/home/ramon/zune_ws/install/local_setup.zsh'
[1.232s] INFO:colcon.colcon_core.shell:Creating prefix chain script '/home/ramon/zune_ws/install/setup.zsh'
